~~~~~~~~~~~~~~~~~~ Created 20200911-110456.log ~~~~~~~~~~~~~~~~~~
[11:04:56] [INFO] speech module import done.
[11:04:56] [INFO] sopia module import done.
[11:04:56] [SUCCESS] Element load complete
[11:04:56] [SUCCESS] DOMContentLoad complete
[11:04:57] [INFO] Webview dom-ready.
[11:04:58] [ERROR] ContainerPanel.getSize is not a function -> /src/resources/js/elementLoad.js:56
[11:04:58] [ERROR] ContainerPanel.getSize is not a function -> /src/resources/js/elementLoad.js:56
[11:04:59] [ERROR] ContainerPanel.getSize is not a function -> /src/resources/js/elementLoad.js:56
[11:05:00] [ERROR] ContainerPanel.getSize is not a function -> /src/resources/js/elementLoad.js:56
[11:05:00] [ERROR] ContainerPanel.getSize is not a function -> /src/resources/js/elementLoad.js:56
[11:05:00] [ERROR] ContainerPanel.getSize is not a function -> /src/resources/js/elementLoad.js:56
[11:05:00] [ERROR] ContainerPanel.getSize is not a function -> /src/resources/js/elementLoad.js:56
[11:05:00] [ERROR] ContainerPanel.getSize is not a function -> /src/resources/js/elementLoad.js:56
[11:05:00] [ERROR] ContainerPanel.getSize is not a function -> /src/resources/js/elementLoad.js:56
[11:05:01] [ERROR] ContainerPanel.getSize is not a function -> /src/resources/js/elementLoad.js:56
[11:05:01] [ERROR] ContainerPanel.getSize is not a function -> /src/resources/js/elementLoad.js:56
[11:05:01] [ERROR] ContainerPanel.getSize is not a function -> /src/resources/js/elementLoad.js:56
[11:05:01] [ERROR] ContainerPanel.getSize is not a function -> /src/resources/js/elementLoad.js:56
[11:05:01] [ERROR] ContainerPanel.getSize is not a function -> /src/resources/js/elementLoad.js:56
